<?xml version="1.0" encoding="UTF-8"?>
<!-- Generated by org.testng.reporters.JUnitXMLReporter -->
<testsuite ignored="0" hostname="SIDDHARTH-D" failures="0" tests="5" name="Test" time="39.976" errors="0" timestamp="2024-05-17T13:53:43 IST">
  <testcase classname="testCases.TC_003_LoginDDT" name="verifyLoginDDT" time="0.827"/>
  <testcase classname="testCases.TC_003_LoginDDT" name="verifyLoginDDT" time="10.308"/>
  <testcase classname="testCases.TC_003_LoginDDT" name="verifyLoginDDT" time="10.317"/>
  <testcase classname="testCases.TC_003_LoginDDT" name="verifyLoginDDT" time="10.311"/>
  <testcase classname="testCases.TC_003_LoginDDT" name="verifyLoginDDT" time="0.76"/>
</testsuite> <!-- Test -->
