<?xml version="1.0" encoding="UTF-8"?>
<testng-results ignored="0" total="5" passed="5" failed="0" skipped="0">
  <reporter-output>
  </reporter-output>
  <suite started-at="2024-05-17T13:53:03 IST" name="Suite" finished-at="2024-05-17T13:53:43 IST" duration-ms="39976">
    <groups>
    </groups>
    <test started-at="2024-05-17T13:53:03 IST" name="Test" finished-at="2024-05-17T13:53:43 IST" duration-ms="39976">
      <class name="testCases.TC_003_LoginDDT">
        <test-method is-config="true" signature="setup(java.lang.String,java.lang.String)[pri:0, instance:testCases.TC_003_LoginDDT@5e0826e7]" started-at="2024-05-17T13:53:03 IST" name="setup" finished-at="2024-05-17T13:53:09 IST" duration-ms="5842" status="PASS">
          <params>
            <param index="0">
              <value>
                <![CDATA[Windows]]>
              </value>
            </param>
            <param index="1">
              <value>
                <![CDATA[chrome]]>
              </value>
            </param>
          </params>
          <reporter-output>
          </reporter-output>
        </test-method> <!-- setup -->
        <test-method signature="verifyLoginDDT(java.lang.String,java.lang.String,java.lang.String)[pri:0, instance:testCases.TC_003_LoginDDT@5e0826e7]" started-at="2024-05-17T13:53:10 IST" name="verifyLoginDDT" data-provider="LoginData" finished-at="2024-05-17T13:53:11 IST" duration-ms="827" status="PASS">
          <params>
            <param index="0">
              <value>
                <![CDATA[sdfsdgsd@gmail.com]]>
              </value>
            </param>
            <param index="1">
              <value>
                <![CDATA[Sidd@123]]>
              </value>
            </param>
            <param index="2">
              <value>
                <![CDATA[Valid]]>
              </value>
            </param>
          </params>
          <reporter-output>
          </reporter-output>
        </test-method> <!-- verifyLoginDDT -->
        <test-method signature="verifyLoginDDT(java.lang.String,java.lang.String,java.lang.String)[pri:0, instance:testCases.TC_003_LoginDDT@5e0826e7]" started-at="2024-05-17T13:53:11 IST" name="verifyLoginDDT" data-provider="LoginData" finished-at="2024-05-17T13:53:21 IST" duration-ms="10308" status="PASS">
          <params>
            <param index="0">
              <value>
                <![CDATA[lakshmi@yahoo.com]]>
              </value>
            </param>
            <param index="1">
              <value>
                <![CDATA[Laxmi]]>
              </value>
            </param>
            <param index="2">
              <value>
                <![CDATA[Invalid]]>
              </value>
            </param>
          </params>
          <reporter-output>
          </reporter-output>
        </test-method> <!-- verifyLoginDDT -->
        <test-method signature="verifyLoginDDT(java.lang.String,java.lang.String,java.lang.String)[pri:0, instance:testCases.TC_003_LoginDDT@5e0826e7]" started-at="2024-05-17T13:53:21 IST" name="verifyLoginDDT" data-provider="LoginData" finished-at="2024-05-17T13:53:32 IST" duration-ms="10317" status="PASS">
          <params>
            <param index="0">
              <value>
                <![CDATA[laksh@yahoo.com]]>
              </value>
            </param>
            <param index="1">
              <value>
                <![CDATA[Lakshmi]]>
              </value>
            </param>
            <param index="2">
              <value>
                <![CDATA[Invalid]]>
              </value>
            </param>
          </params>
          <reporter-output>
          </reporter-output>
        </test-method> <!-- verifyLoginDDT -->
        <test-method signature="verifyLoginDDT(java.lang.String,java.lang.String,java.lang.String)[pri:0, instance:testCases.TC_003_LoginDDT@5e0826e7]" started-at="2024-05-17T13:53:32 IST" name="verifyLoginDDT" data-provider="LoginData" finished-at="2024-05-17T13:53:42 IST" duration-ms="10311" status="PASS">
          <params>
            <param index="0">
              <value>
                <![CDATA[laks@yahoo.com]]>
              </value>
            </param>
            <param index="1">
              <value>
                <![CDATA[xyz]]>
              </value>
            </param>
            <param index="2">
              <value>
                <![CDATA[Invalid]]>
              </value>
            </param>
          </params>
          <reporter-output>
          </reporter-output>
        </test-method> <!-- verifyLoginDDT -->
        <test-method signature="verifyLoginDDT(java.lang.String,java.lang.String,java.lang.String)[pri:0, instance:testCases.TC_003_LoginDDT@5e0826e7]" started-at="2024-05-17T13:53:42 IST" name="verifyLoginDDT" data-provider="LoginData" finished-at="2024-05-17T13:53:43 IST" duration-ms="760" status="PASS">
          <params>
            <param index="0">
              <value>
                <![CDATA[deepikavijayh33@gmail.com]]>
              </value>
            </param>
            <param index="1">
              <value>
                <![CDATA[Deepika@94]]>
              </value>
            </param>
            <param index="2">
              <value>
                <![CDATA[Valid]]>
              </value>
            </param>
          </params>
          <reporter-output>
          </reporter-output>
        </test-method> <!-- verifyLoginDDT -->
        <test-method is-config="true" signature="tearDown()[pri:0, instance:testCases.TC_003_LoginDDT@5e0826e7]" started-at="2024-05-17T13:53:43 IST" name="tearDown" finished-at="2024-05-17T13:53:43 IST" duration-ms="130" status="PASS">
          <reporter-output>
          </reporter-output>
        </test-method> <!-- tearDown -->
      </class> <!-- testCases.TC_003_LoginDDT -->
    </test> <!-- Test -->
  </suite> <!-- Suite -->
</testng-results>
